<?xml version="1.0" encoding="UTF-8"?>
<testng-results skipped="0" failed="0" ignored="0" total="1" passed="1">
  <reporter-output>
  </reporter-output>
  <suite name="Suite" duration-ms="6261" started-at="2019-11-06T13:05:48 IST" finished-at="2019-11-06T13:05:54 IST">
    <groups>
    </groups>
    <test name="Test" duration-ms="6261" started-at="2019-11-06T13:05:48 IST" finished-at="2019-11-06T13:05:54 IST">
      <class name="mavenorange1.launch">
        <test-method status="PASS" signature="m1()[pri:0, instance:mavenorange1.launch@ae45eb6]" name="m1" duration-ms="6234" started-at="2019-11-06T13:05:48 IST" finished-at="2019-11-06T13:05:54 IST">
          <reporter-output>
          </reporter-output>
        </test-method> <!-- m1 -->
        <test-method status="PASS" signature="m2()[pri:0, instance:mavenorange1.launch@ae45eb6]" name="m2" is-config="true" duration-ms="1" started-at="2019-11-06T13:05:54 IST" finished-at="2019-11-06T13:05:54 IST">
          <reporter-output>
          </reporter-output>
        </test-method> <!-- m2 -->
      </class> <!-- mavenorange1.launch -->
    </test> <!-- Test -->
  </suite> <!-- Suite -->
</testng-results>
